{"logTime":"0831/082419", "correlationVector":"JQTgV0zsPHZwrLx4rWrHXO.1","action":"SyncServerConnectionManagerRequest", "result":"SYNC_SERVER_OK", "context":{"environment":"48F630A6-CB1B-4CC7-86AF-0F6627234B58|113", "server":"SG2PEPF00006195"}}
{"logTime":"0831/082421", "correlationVector":"JQTgV0zsPHZwrLx4rWrHXO.2","action":"AAD.Mip.Unpack", "result":"Success", "context":MIP_CLOUD_COMMERCIAL:Success}
{"logTime":"0831/082422", "correlationVector":"JQTgV0zsPHZwrLx4rWrHXO.3","action":"AAD.GetKeyResponse", "result":"Success", "context":Keys=1.LastKeyStatus=Normal. 2021-08-15 22:16:57 +0545.State=None}
{"logTime":"0831/082422", "correlationVector":"JQTgV0zsPHZwrLx4rWrHXO","action":"Initial GetUpdates", "result":""}
{"logTime":"0831/082422", "correlationVector":"JQTgV0zsPHZwrLx4rWrHXO.4","action":"GetUpdates Response", "result":"SYNCER_OK"}
{"logTime":"0831/082422", "correlationVector":"VGVYHLce6MZzcUDC18Cm+n","action":"Initial GetUpdates", "result":""}
{"logTime":"0831/082424", "correlationVector":"VGVYHLce6MZzcUDC18Cm+n.1","action":"SyncServerConnectionManagerRequest", "result":"SYNC_SERVER_OK", "context":{"environment":"48F630A6-CB1B-4CC7-86AF-0F6627234B58|113", "server":"SG2PEPF0000618E"}}
{"logTime":"0831/082424", "correlationVector":"VGVYHLce6MZzcUDC18Cm+n.2","action":"GetUpdates Response", "result":"SYNCER_OK"}
{"logTime":"0831/082424", "correlationVector":"vRQGtpcGQxWErJv2e+f9S0","action":"Normal GetUpdate request", "result":""}
{"logTime":"0831/082424", "correlationVector":"vRQGtpcGQxWErJv2e+f9S0.1","action":"SyncServerConnectionManagerRequest", "result":"SYNC_SERVER_OK", "context":{"environment":"48F630A6-CB1B-4CC7-86AF-0F6627234B58|113", "server":"SG2PEPF0000618E"}}
{"logTime":"0831/082424", "correlationVector":"vRQGtpcGQxWErJv2e+f9S0.2","action":"GetUpdates Response", "result":"SYNCER_OK"}
{"logTime":"0831/082424", "correlationVector":"s2Rp+EFZAvGClDPRsJTOP5","action":"Commit Request", "result":""}
{"logTime":"0831/082425", "correlationVector":"s2Rp+EFZAvGClDPRsJTOP5.1","action":"SyncServerConnectionManagerRequest", "result":"SYNC_SERVER_OK", "context":{"environment":"48F630A6-CB1B-4CC7-86AF-0F6627234B58|113", "server":"SG2PEPF0000618E"}}
{"logTime":"0831/082425", "correlationVector":"s2Rp+EFZAvGClDPRsJTOP5.2","action":"Commit Response", "result":"SYNCER_OK"}
{"logTime":"0831/154849", "correlationVector":"kQopFKZwc4g0DPzLynITtp.0","action":"FeedSettingFetch_homeCloud", "result":"0", "context":{}}
{"logTime":"0831/154852", "correlationVector":"rSsfOd6EP9nrmWx8rVDXKd.1","action":"SyncServerConnectionManagerRequest", "result":"SYNC_SERVER_OK", "context":{"environment":"48F630A6-CB1B-4CC7-86AF-0F6627234B58|113", "server":"SG2PEPF0000618F"}}
{"logTime":"0831/154855", "correlationVector":"rSsfOd6EP9nrmWx8rVDXKd.2","action":"AAD.Mip.Unpack", "result":"Success", "context":MIP_CLOUD_COMMERCIAL:Success}
{"logTime":"0831/154855", "correlationVector":"rSsfOd6EP9nrmWx8rVDXKd.3","action":"AAD.GetKeyResponse", "result":"Success", "context":Keys=1.LastKeyStatus=Normal. 2021-08-15 22:16:57 +0545.State=None}
{"logTime":"0831/154855", "correlationVector":"rSsfOd6EP9nrmWx8rVDXKd","action":"Initial GetUpdates", "result":""}
{"logTime":"0831/154855", "correlationVector":"rSsfOd6EP9nrmWx8rVDXKd.4","action":"GetUpdates Response", "result":"SYNCER_OK"}
{"logTime":"0831/154855", "correlationVector":"YhkJ7mNa7sy90N/zgXBVy9","action":"Normal GetUpdate request", "result":""}
{"logTime":"0831/154855", "correlationVector":"YhkJ7mNa7sy90N/zgXBVy9.1","action":"SyncServerConnectionManagerRequest", "result":"SYNC_SERVER_OK", "context":{"environment":"48F630A6-CB1B-4CC7-86AF-0F6627234B58|113", "server":"SG2PEPF0000618F"}}
{"logTime":"0831/154855", "correlationVector":"YhkJ7mNa7sy90N/zgXBVy9.2","action":"GetUpdates Response", "result":"SYNCER_OK"}
{"logTime":"0831/162424", "correlationVector":"qUm+czHhnyYM/2+qP0qQxm","action":"Poll GetUpdate request", "result":""}
{"logTime":"0831/162546", "correlationVector":"qUm+czHhnyYM/2+qP0qQxm","action":"SyncServerConnectionManagerRequest", "result":"CONNECTION_UNAVAILABLE", "context":{"error_type":"net_error_code", "error_value":"-3"}}
{"logTime":"0901/020436", "correlationVector":"VaCduCDNjZKBWcpTeVd0ls.0","action":"FeedSettingFetch_homeCloud", "result":"0", "context":{}}
{"logTime":"0901/020439", "correlationVector":"kMfpJD7QBaPwIL9KJcbCKS.1","action":"SyncServerConnectionManagerRequest", "result":"SYNC_SERVER_OK", "context":{"environment":"48F630A6-CB1B-4CC7-86AF-0F6627234B58|113", "server":"SG2PEPF00006190"}}
{"logTime":"0901/020442", "correlationVector":"kMfpJD7QBaPwIL9KJcbCKS.2","action":"AAD.Mip.Unpack", "result":"Success", "context":MIP_CLOUD_COMMERCIAL:Success}
{"logTime":"0901/020442", "correlationVector":"kMfpJD7QBaPwIL9KJcbCKS.3","action":"AAD.GetKeyResponse", "result":"Success", "context":Keys=1.LastKeyStatus=Normal. 2021-08-15 22:16:57 +0545.State=None}
{"logTime":"0901/020442", "correlationVector":"kMfpJD7QBaPwIL9KJcbCKS","action":"Initial GetUpdates", "result":""}
{"logTime":"0901/020442", "correlationVector":"kMfpJD7QBaPwIL9KJcbCKS.4","action":"GetUpdates Response", "result":"SYNCER_OK"}
{"logTime":"0901/020442", "correlationVector":"/QyXglpurNWdnaXDlpWrq2","action":"Normal GetUpdate request", "result":""}
{"logTime":"0901/020442", "correlationVector":"/QyXglpurNWdnaXDlpWrq2.1","action":"SyncServerConnectionManagerRequest", "result":"SYNC_SERVER_OK", "context":{"environment":"48F630A6-CB1B-4CC7-86AF-0F6627234B58|113", "server":"SG2PEPF0000618D"}}
{"logTime":"0901/020442", "correlationVector":"/QyXglpurNWdnaXDlpWrq2.2","action":"GetUpdates Response", "result":"SYNCER_OK"}
{"logTime":"0901/020447", "correlationVector":"fXfMujmdZ/sadlDduX4R8D","action":"Poll GetUpdate request", "result":""}
{"logTime":"0901/020447", "correlationVector":"fXfMujmdZ/sadlDduX4R8D.1","action":"SyncServerConnectionManagerRequest", "result":"SYNC_SERVER_OK", "context":{"environment":"48F630A6-CB1B-4CC7-86AF-0F6627234B58|113", "server":"SG2PEPF0000618B"}}
{"logTime":"0901/020447", "correlationVector":"fXfMujmdZ/sadlDduX4R8D.2","action":"GetUpdates Response", "result":"SYNCER_OK"}
{"logTime":"0901/082339", "correlationVector":"5X4a7emLy4djMkOPiQxujE.0","action":"FeedSettingFetch_homeCloud", "result":"0", "context":{}}
{"logTime":"0901/082341", "correlationVector":"DObhiVY9z1bOSiitFzUd3F.1","action":"SyncServerConnectionManagerRequest", "result":"SYNC_SERVER_OK", "context":{"environment":"48F630A6-CB1B-4CC7-86AF-0F6627234B58|113", "server":"SG2PEPF00006190"}}
{"logTime":"0901/082345", "correlationVector":"DObhiVY9z1bOSiitFzUd3F.2","action":"AAD.Mip.Unpack", "result":"Success", "context":MIP_CLOUD_COMMERCIAL:Success}
{"logTime":"0901/082345", "correlationVector":"DObhiVY9z1bOSiitFzUd3F.3","action":"AAD.GetKeyResponse", "result":"Success", "context":Keys=1.LastKeyStatus=Normal. 2021-08-15 22:16:57 +0545.State=None}
{"logTime":"0901/082345", "correlationVector":"DObhiVY9z1bOSiitFzUd3F","action":"Initial GetUpdates", "result":""}
{"logTime":"0901/082345", "correlationVector":"DObhiVY9z1bOSiitFzUd3F.4","action":"GetUpdates Response", "result":"SYNCER_OK"}
{"logTime":"0901/082345", "correlationVector":"GPhvbOEjPogYny9YPqW8mz","action":"Normal GetUpdate request", "result":""}
{"logTime":"0901/082346", "correlationVector":"GPhvbOEjPogYny9YPqW8mz.1","action":"SyncServerConnectionManagerRequest", "result":"SYNC_SERVER_OK", "context":{"environment":"48F630A6-CB1B-4CC7-86AF-0F6627234B58|113", "server":"SG2PEPF00006195"}}
{"logTime":"0901/082346", "correlationVector":"GPhvbOEjPogYny9YPqW8mz.2","action":"GetUpdates Response", "result":"SYNCER_OK"}
{"logTime":"0901/082758", "correlationVector":"ZxbLApgLzWqaw7I7/nif/g.0","action":"FeedSettingFetch_homeCloud", "result":"0", "context":{}}
{"logTime":"0901/082804", "correlationVector":"ZU0RPDwM/ep8QmVk54AqOx.1","action":"SyncServerConnectionManagerRequest", "result":"SYNC_SERVER_OK", "context":{"environment":"48F630A6-CB1B-4CC7-86AF-0F6627234B58|113", "server":"SG2PEPF00006193"}}
{"logTime":"0901/082806", "correlationVector":"ZU0RPDwM/ep8QmVk54AqOx.2","action":"AAD.Mip.Unpack", "result":"Success", "context":MIP_CLOUD_COMMERCIAL:Success}
{"logTime":"0901/082806", "correlationVector":"ZU0RPDwM/ep8QmVk54AqOx.3","action":"AAD.GetKeyResponse", "result":"Success", "context":Keys=1.LastKeyStatus=Normal. 2021-08-15 22:16:57 +0545.State=None}
{"logTime":"0901/082806", "correlationVector":"ZU0RPDwM/ep8QmVk54AqOx","action":"Initial GetUpdates", "result":""}
{"logTime":"0901/082806", "correlationVector":"ZU0RPDwM/ep8QmVk54AqOx.4","action":"GetUpdates Response", "result":"SYNCER_OK"}
{"logTime":"0901/082806", "correlationVector":"Y8UONLIwxwJg0xCuHCLZ5y","action":"Normal GetUpdate request", "result":""}
{"logTime":"0901/082806", "correlationVector":"Y8UONLIwxwJg0xCuHCLZ5y.1","action":"SyncServerConnectionManagerRequest", "result":"SYNC_SERVER_OK", "context":{"environment":"48F630A6-CB1B-4CC7-86AF-0F6627234B58|113", "server":"SG2PEPF0000618B"}}
{"logTime":"0901/082807", "correlationVector":"Y8UONLIwxwJg0xCuHCLZ5y.2","action":"GetUpdates Response", "result":"SYNCER_OK"}
{"logTime":"0901/082807", "correlationVector":"V33tys7vVZCB7gWBYn9mEd","action":"Commit Request", "result":""}
{"logTime":"0901/082808", "correlationVector":"V33tys7vVZCB7gWBYn9mEd.1","action":"SyncServerConnectionManagerRequest", "result":"SYNC_SERVER_OK", "context":{"environment":"48F630A6-CB1B-4CC7-86AF-0F6627234B58|113", "server":"SG2PEPF0000618B"}}
{"logTime":"0901/082808", "correlationVector":"V33tys7vVZCB7gWBYn9mEd.2","action":"Commit Response", "result":"SYNCER_OK"}
{"logTime":"0901/082808", "correlationVector":"oOjZRdK6zga5hDMuBgeeFI","action":"Normal GetUpdate request", "result":""}
{"logTime":"0901/082809", "correlationVector":"oOjZRdK6zga5hDMuBgeeFI.1","action":"SyncServerConnectionManagerRequest", "result":"SYNC_SERVER_OK", "context":{"environment":"48F630A6-CB1B-4CC7-86AF-0F6627234B58|113", "server":"SG2PEPF0000618B"}}
{"logTime":"0901/082809", "correlationVector":"oOjZRdK6zga5hDMuBgeeFI.2","action":"GetUpdates Response", "result":"SYNCER_OK"}
{"logTime":"0901/154449", "correlationVector":"6RGTE5LcAPrEQo4mBB354P.0","action":"FeedSettingFetch_homeCloud", "result":"0", "context":{}}
{"logTime":"0901/154455", "correlationVector":"wCCOM1pVt3FZdAr3aHPL1z.1","action":"SyncServerConnectionManagerRequest", "result":"SYNC_SERVER_OK", "context":{"environment":"48F630A6-CB1B-4CC7-86AF-0F6627234B58|113", "server":"SG2PEPF00006196"}}
{"logTime":"0901/154459", "correlationVector":"wCCOM1pVt3FZdAr3aHPL1z.2","action":"AAD.Mip.Unpack", "result":"Success", "context":MIP_CLOUD_COMMERCIAL:Success}
{"logTime":"0901/154459", "correlationVector":"wCCOM1pVt3FZdAr3aHPL1z.3","action":"AAD.GetKeyResponse", "result":"Success", "context":Keys=1.LastKeyStatus=Normal. 2021-08-15 22:16:57 +0545.State=None}
{"logTime":"0901/154459", "correlationVector":"wCCOM1pVt3FZdAr3aHPL1z","action":"Initial GetUpdates", "result":""}
{"logTime":"0901/154459", "correlationVector":"wCCOM1pVt3FZdAr3aHPL1z.4","action":"GetUpdates Response", "result":"SYNCER_OK"}
{"logTime":"0901/154459", "correlationVector":"GOlMtRorvvr96hwudRGV2C","action":"Normal GetUpdate request", "result":""}
{"logTime":"0901/154501", "correlationVector":"GOlMtRorvvr96hwudRGV2C.1","action":"SyncServerConnectionManagerRequest", "result":"SYNC_SERVER_OK", "context":{"environment":"48F630A6-CB1B-4CC7-86AF-0F6627234B58|113", "server":"SG2PEPF00006190"}}
{"logTime":"0901/154501", "correlationVector":"GOlMtRorvvr96hwudRGV2C.2","action":"GetUpdates Response", "result":"SYNCER_OK"}
{"logTime":"0901/154630", "correlationVector":"lUitSQwkKf2VBgw2kl/BN4","action":"Poll GetUpdate request", "result":""}
{"logTime":"0901/154637", "correlationVector":"lUitSQwkKf2VBgw2kl/BN4.1","action":"SyncServerConnectionManagerRequest", "result":"SYNC_SERVER_OK", "context":{"environment":"48F630A6-CB1B-4CC7-86AF-0F6627234B58|113", "server":"SG2PEPF00006196"}}
{"logTime":"0901/154637", "correlationVector":"lUitSQwkKf2VBgw2kl/BN4.2","action":"GetUpdates Response", "result":"SYNCER_OK"}
{"logTime":"0901/162018", "correlationVector":"SJbE+O99sbg/7724roNZ7A.0","action":"FeedSettingFetch_homeCloud", "result":"0", "context":{}}
{"logTime":"0901/162023", "correlationVector":"PuVfnt2p01FjuRYZEKOhZc.1","action":"SyncServerConnectionManagerRequest", "result":"SYNC_SERVER_OK", "context":{"environment":"48F630A6-CB1B-4CC7-86AF-0F6627234B58|113", "server":"SG2PEPF0000618E"}}
{"logTime":"0901/162026", "correlationVector":"PuVfnt2p01FjuRYZEKOhZc.2","action":"AAD.Mip.Unpack", "result":"Success", "context":MIP_CLOUD_COMMERCIAL:Success}
{"logTime":"0901/162026", "correlationVector":"PuVfnt2p01FjuRYZEKOhZc.3","action":"AAD.GetKeyResponse", "result":"Success", "context":Keys=1.LastKeyStatus=Normal. 2021-08-15 22:16:57 +0545.State=None}
{"logTime":"0901/162026", "correlationVector":"PuVfnt2p01FjuRYZEKOhZc","action":"Initial GetUpdates", "result":""}
{"logTime":"0901/162026", "correlationVector":"PuVfnt2p01FjuRYZEKOhZc.4","action":"GetUpdates Response", "result":"SYNCER_OK"}
{"logTime":"0901/162026", "correlationVector":"1Th+7cC11cKAOYEJrK/pU1","action":"Normal GetUpdate request", "result":""}
{"logTime":"0901/162028", "correlationVector":"1Th+7cC11cKAOYEJrK/pU1.1","action":"SyncServerConnectionManagerRequest", "result":"SYNC_SERVER_OK", "context":{"environment":"48F630A6-CB1B-4CC7-86AF-0F6627234B58|113", "server":"SG2PEPF0000618E"}}
{"logTime":"0901/162028", "correlationVector":"1Th+7cC11cKAOYEJrK/pU1.2","action":"GetUpdates Response", "result":"SYNCER_OK"}
{"logTime":"0901/173243", "correlationVector":"nnQL7bA7znD6DK/4t+myZJ.0","action":"FeedSettingFetch_homeCloud", "result":"0", "context":{}}
{"logTime":"0901/173246", "correlationVector":"lFNAl2p2JZk9Dsh898Ax0S.1","action":"SyncServerConnectionManagerRequest", "result":"SYNC_SERVER_OK", "context":{"environment":"48F630A6-CB1B-4CC7-86AF-0F6627234B58|113", "server":"SG2PEPF0000618D"}}
{"logTime":"0901/173248", "correlationVector":"lFNAl2p2JZk9Dsh898Ax0S.2","action":"AAD.Mip.Unpack", "result":"Success", "context":MIP_CLOUD_COMMERCIAL:Success}
{"logTime":"0901/173248", "correlationVector":"lFNAl2p2JZk9Dsh898Ax0S.3","action":"AAD.GetKeyResponse", "result":"Success", "context":Keys=1.LastKeyStatus=Normal. 2021-08-15 22:16:57 +0545.State=None}
{"logTime":"0901/173248", "correlationVector":"lFNAl2p2JZk9Dsh898Ax0S","action":"Initial GetUpdates", "result":""}
{"logTime":"0901/173248", "correlationVector":"lFNAl2p2JZk9Dsh898Ax0S.4","action":"GetUpdates Response", "result":"SYNCER_OK"}
{"logTime":"0901/173248", "correlationVector":"z/NYWdEqxWDbgVwvChTLoF","action":"Normal GetUpdate request", "result":""}
{"logTime":"0901/173248", "correlationVector":"z/NYWdEqxWDbgVwvChTLoF.1","action":"SyncServerConnectionManagerRequest", "result":"SYNC_SERVER_OK", "context":{"environment":"48F630A6-CB1B-4CC7-86AF-0F6627234B58|113", "server":"SG2PEPF0000618D"}}
{"logTime":"0901/173248", "correlationVector":"z/NYWdEqxWDbgVwvChTLoF.2","action":"GetUpdates Response", "result":"SYNCER_OK"}
{"logTime":"0901/175742", "correlationVector":"8EimrIHuJLnAWxuMrOw0jK.0","action":"FeedSettingFetch_homeCloud", "result":"0", "context":{}}
{"logTime":"0901/175746", "correlationVector":"Og4/9w7LAe5XQjhCcq6nuJ.1","action":"SyncServerConnectionManagerRequest", "result":"SYNC_SERVER_OK", "context":{"environment":"48F630A6-CB1B-4CC7-86AF-0F6627234B58|113", "server":"SG2PEPF0000618F"}}
{"logTime":"0901/175749", "correlationVector":"Og4/9w7LAe5XQjhCcq6nuJ.2","action":"AAD.Mip.Unpack", "result":"Success", "context":MIP_CLOUD_COMMERCIAL:Success}
{"logTime":"0901/175749", "correlationVector":"Og4/9w7LAe5XQjhCcq6nuJ.3","action":"AAD.GetKeyResponse", "result":"Success", "context":Keys=1.LastKeyStatus=Normal. 2021-08-15 22:16:57 +0545.State=None}
{"logTime":"0901/175749", "correlationVector":"Og4/9w7LAe5XQjhCcq6nuJ","action":"Initial GetUpdates", "result":""}
{"logTime":"0901/175749", "correlationVector":"Og4/9w7LAe5XQjhCcq6nuJ.4","action":"GetUpdates Response", "result":"SYNCER_OK"}
{"logTime":"0901/175749", "correlationVector":"QEDGRwT1hhFEa/JpvZX1zX","action":"Normal GetUpdate request", "result":""}
{"logTime":"0901/175749", "correlationVector":"QEDGRwT1hhFEa/JpvZX1zX.1","action":"SyncServerConnectionManagerRequest", "result":"SYNC_SERVER_OK", "context":{"environment":"48F630A6-CB1B-4CC7-86AF-0F6627234B58|113", "server":"SG2PEPF0000618F"}}
{"logTime":"0901/175749", "correlationVector":"QEDGRwT1hhFEa/JpvZX1zX.2","action":"GetUpdates Response", "result":"SYNCER_OK"}
{"logTime":"0902/095200", "correlationVector":"WjhqNzIHq/sJsLLQjnBpu4.0","action":"FeedSettingFetch_homeCloud", "result":"0", "context":{}}
{"logTime":"0902/095205", "correlationVector":"F96Pl7tBkuChJJXyWjcb99.1","action":"SyncServerConnectionManagerRequest", "result":"SYNC_SERVER_OK", "context":{"environment":"48F630A6-CB1B-4CC7-86AF-0F6627234B58|113", "server":"SG2PEPF0000618D"}}
{"logTime":"0902/095209", "correlationVector":"F96Pl7tBkuChJJXyWjcb99.2","action":"AAD.Mip.Unpack", "result":"Success", "context":MIP_CLOUD_COMMERCIAL:Success}
{"logTime":"0902/095209", "correlationVector":"F96Pl7tBkuChJJXyWjcb99.3","action":"AAD.GetKeyResponse", "result":"Success", "context":Keys=1.LastKeyStatus=Normal. 2021-08-15 22:16:57 +0545.State=None}
{"logTime":"0902/095209", "correlationVector":"F96Pl7tBkuChJJXyWjcb99","action":"Initial GetUpdates", "result":""}
{"logTime":"0902/095209", "correlationVector":"F96Pl7tBkuChJJXyWjcb99.4","action":"GetUpdates Response", "result":"SYNCER_OK"}
{"logTime":"0902/095209", "correlationVector":"aGQe/NNfQRBNKe920B7rVF","action":"Normal GetUpdate request", "result":""}
{"logTime":"0902/095210", "correlationVector":"aGQe/NNfQRBNKe920B7rVF.1","action":"SyncServerConnectionManagerRequest", "result":"SYNC_SERVER_OK", "context":{"environment":"48F630A6-CB1B-4CC7-86AF-0F6627234B58|113", "server":"SG2PEPF00021FB6"}}
{"logTime":"0902/095210", "correlationVector":"aGQe/NNfQRBNKe920B7rVF.2","action":"GetUpdates Response", "result":"SYNCER_OK"}
{"logTime":"0902/095541", "correlationVector":"mOZLpj9itNJTF5+alVw+BR","action":"Poll GetUpdate request", "result":""}
{"logTime":"0902/095542", "correlationVector":"mOZLpj9itNJTF5+alVw+BR.1","action":"SyncServerConnectionManagerRequest", "result":"SYNC_SERVER_OK", "context":{"environment":"48F630A6-CB1B-4CC7-86AF-0F6627234B58|113", "server":"SG2PEPF0000618D"}}
{"logTime":"0902/095542", "correlationVector":"mOZLpj9itNJTF5+alVw+BR.2","action":"GetUpdates Response", "result":"SYNCER_OK"}
{"logTime":"0903/035019", "correlationVector":"y+SHrJbYWuguqAANoIQx17.0","action":"FeedSettingFetch_homeCloud", "result":"0", "context":{}}
{"logTime":"0903/035024", "correlationVector":"8n29Ruo01mHUfFj1QqIMCX.1","action":"SyncServerConnectionManagerRequest", "result":"SYNC_SERVER_OK", "context":{"environment":"48F630A6-CB1B-4CC7-86AF-0F6627234B58|113", "server":"SG2PEPF00006195"}}
{"logTime":"0903/035031", "correlationVector":"8n29Ruo01mHUfFj1QqIMCX.2","action":"AAD.Mip.Unpack", "result":"Success", "context":MIP_CLOUD_COMMERCIAL:Success}
{"logTime":"0903/035031", "correlationVector":"8n29Ruo01mHUfFj1QqIMCX.3","action":"AAD.GetKeyResponse", "result":"Success", "context":Keys=1.LastKeyStatus=Normal. 2021-08-15 22:16:57 +0545.State=None}
{"logTime":"0903/035032", "correlationVector":"8n29Ruo01mHUfFj1QqIMCX","action":"Initial GetUpdates", "result":""}
{"logTime":"0903/035032", "correlationVector":"8n29Ruo01mHUfFj1QqIMCX.4","action":"GetUpdates Response", "result":"SYNCER_OK"}
{"logTime":"0903/035032", "correlationVector":"1WZdbMzZuS+n2oQjWwl5CS","action":"Normal GetUpdate request", "result":""}
{"logTime":"0903/035035", "correlationVector":"1WZdbMzZuS+n2oQjWwl5CS.1","action":"SyncServerConnectionManagerRequest", "result":"SYNC_SERVER_OK", "context":{"environment":"48F630A6-CB1B-4CC7-86AF-0F6627234B58|113", "server":"SG2PEPF00006193"}}
{"logTime":"0903/035035", "correlationVector":"1WZdbMzZuS+n2oQjWwl5CS.2","action":"GetUpdates Response", "result":"SYNCER_OK"}
{"logTime":"0903/035552", "correlationVector":"3PYbVseT6bOqCaOhRIPc6q.0","action":"FeedSettingFetch_homeCloud", "result":"0", "context":{}}
{"logTime":"0903/035556", "correlationVector":"6yGPYoZCEvMOSAxnF86Yqa.1","action":"SyncServerConnectionManagerRequest", "result":"SYNC_SERVER_OK", "context":{"environment":"48F630A6-CB1B-4CC7-86AF-0F6627234B58|113", "server":"SG2PEPF0000618D"}}
{"logTime":"0903/035559", "correlationVector":"6yGPYoZCEvMOSAxnF86Yqa.2","action":"AAD.Mip.Unpack", "result":"Success", "context":MIP_CLOUD_COMMERCIAL:Success}
{"logTime":"0903/035559", "correlationVector":"6yGPYoZCEvMOSAxnF86Yqa.3","action":"AAD.GetKeyResponse", "result":"Success", "context":Keys=1.LastKeyStatus=Normal. 2021-08-15 22:16:57 +0545.State=None}
{"logTime":"0903/035559", "correlationVector":"6yGPYoZCEvMOSAxnF86Yqa","action":"Initial GetUpdates", "result":""}
{"logTime":"0903/035559", "correlationVector":"6yGPYoZCEvMOSAxnF86Yqa.4","action":"GetUpdates Response", "result":"SYNCER_OK"}
{"logTime":"0903/035559", "correlationVector":"2mDxLFLSBt5BrB0tO8Ef75","action":"Normal GetUpdate request", "result":""}
{"logTime":"0903/035600", "correlationVector":"2mDxLFLSBt5BrB0tO8Ef75.1","action":"SyncServerConnectionManagerRequest", "result":"SYNC_SERVER_OK", "context":{"environment":"48F630A6-CB1B-4CC7-86AF-0F6627234B58|113", "server":"SG2PEPF0000618D"}}
{"logTime":"0903/035600", "correlationVector":"2mDxLFLSBt5BrB0tO8Ef75.2","action":"GetUpdates Response", "result":"SYNCER_OK"}
{"logTime":"0903/040002", "correlationVector":"2/axj5NJZHtbrDK+i84OGO","action":"Poll GetUpdate request", "result":""}
{"logTime":"0903/040007", "correlationVector":"2/axj5NJZHtbrDK+i84OGO.1","action":"SyncServerConnectionManagerRequest", "result":"SYNC_SERVER_OK", "context":{"environment":"48F630A6-CB1B-4CC7-86AF-0F6627234B58|113", "server":"SG2PEPF00006193"}}
{"logTime":"0903/040007", "correlationVector":"2/axj5NJZHtbrDK+i84OGO.2","action":"GetUpdates Response", "result":"SYNCER_OK"}
{"logTime":"0903/040848", "correlationVector":"2BqUTpJ83/YfZkQo2M3Hal.0","action":"FeedSettingFetch_homeCloud", "result":"0", "context":{}}
{"logTime":"0903/040858", "correlationVector":"yjyOxYepYo6VZucLR5PXgl.1","action":"SyncServerConnectionManagerRequest", "result":"SYNC_SERVER_OK", "context":{"environment":"48F630A6-CB1B-4CC7-86AF-0F6627234B58|113", "server":"SG2PEPF00006196"}}
{"logTime":"0903/040903", "correlationVector":"yjyOxYepYo6VZucLR5PXgl.2","action":"AAD.Mip.Unpack", "result":"Success", "context":MIP_CLOUD_COMMERCIAL:Success}
{"logTime":"0903/040903", "correlationVector":"yjyOxYepYo6VZucLR5PXgl.3","action":"AAD.GetKeyResponse", "result":"Success", "context":Keys=1.LastKeyStatus=Normal. 2021-08-15 22:16:57 +0545.State=None}
{"logTime":"0903/040903", "correlationVector":"yjyOxYepYo6VZucLR5PXgl","action":"Initial GetUpdates", "result":""}
{"logTime":"0903/040903", "correlationVector":"yjyOxYepYo6VZucLR5PXgl.4","action":"GetUpdates Response", "result":"SYNCER_OK"}
{"logTime":"0903/040903", "correlationVector":"XgAqicjfTIa6OdzP8t3EyT","action":"Normal GetUpdate request", "result":""}
{"logTime":"0903/040903", "correlationVector":"XgAqicjfTIa6OdzP8t3EyT.1","action":"SyncServerConnectionManagerRequest", "result":"SYNC_SERVER_OK", "context":{"environment":"48F630A6-CB1B-4CC7-86AF-0F6627234B58|113", "server":"SG2PEPF00006193"}}
{"logTime":"0903/040903", "correlationVector":"XgAqicjfTIa6OdzP8t3EyT.2","action":"GetUpdates Response", "result":"SYNCER_OK"}
